<?xml version="1.0" encoding="UTF-8"?>
<testsuite xmlns:xsi="http://www.w3.org/2001/XMLSchema-instance" xsi:noNamespaceSchemaLocation="https://maven.apache.org/surefire/maven-surefire-plugin/xsd/surefire-test-report-3.0.xsd" version="3.0" name="TestSuite" time="39.734" tests="2" errors="0" skipped="0" failures="0">
  <properties>
[...]
</properties>
  <testcase name="verifySummary" classname="com.SwagLabs.TestCases.OrderSummaryPageTest" time="0.043">
    <system-out><![CDATA[Browser is opening
SwagLabs application is open
User login process will begin
Title is: Swag Labs
Currenturl is: https://www.saucedemo.com/
User login is completed
**************User Login is completed*******
Inventory page Testing started
******Product Count******
Total Product count is: 6
******Product Name List******
Sauce Labs Backpack
Sauce Labs Bike Light
Sauce Labs Bolt T-Shirt
Sauce Labs Fleece Jacket
Sauce Labs Onesie
Test.allTheThings() T-Shirt (Red)
Product will added to the cart!
Inventory Page Testing is completed!
Add to cart page testing started!
Checout page will open!
Checkout page will Open!
CheckOut process begin
Checkout process is completed!
Process is completed!
***********Product Summary********
QTYDescription
1
Sauce Labs Fleece Jacket
It's not every day that you come across a midweight quarter-zip fleece jacket capable of handling everything from a relaxing day outdoors to a busy day at the office.
$49.99
Payment Information
SauceCard #31337
Shipping Information
Free Pony Express Delivery!
Price Total
Item total: $49.99
Tax: $4.00
Total: $53.99
Cancel
Finish
]]></system-out>
    <system-err><![CDATA[SLF4J: Failed to load class "org.slf4j.impl.StaticLoggerBinder".
SLF4J: Defaulting to no-operation (NOP) logger implementation
SLF4J: See http://www.slf4j.org/codes.html#StaticLoggerBinder for further details.
ERROR StatusLogger Log4j2 could not find a logging implementation. Please add log4j-core to the classpath. Using SimpleLogger to log to the console...
Starting ChromeDriver 114.0.5735.90 (386bc09e8f4f2e025eddae123f36f6263096ae49-refs/branch-heads/5735@{#1052}) on port 22614
Only local connections are allowed.
Please see https://chromedriver.chromium.org/security-considerations for suggestions on keeping ChromeDriver safe.
ChromeDriver was started successfully.
[1690734252.779][WARNING]: This version of ChromeDriver has not been tested with Chrome version 115.
Jul 30, 2023 9:54:13 PM org.openqa.selenium.devtools.CdpVersionFinder findNearestMatch
WARNING: Unable to find an exact match for CDP version 115, so returning the closest version found: 111
]]></system-err>
  </testcase>
  <testcase name="verifyOrder" classname="com.SwagLabs.TestCases.OrderSummaryPageTest" time="0.09">
    <system-out><![CDATA[Thank you for your order!
]]></system-out>
  </testcase>
</testsuite>